2021-11-02 00:04:22.656  INFO 9288 --- [http-nio-8080-exec-1] o.a.c.c.C.[Tomcat].[localhost].[/]       : Initializing Spring DispatcherServlet 'dispatcherServlet'
2021-11-02 00:04:22.661  INFO 9288 --- [http-nio-8080-exec-1] o.s.web.servlet.DispatcherServlet        : Initializing Servlet 'dispatcherServlet'
2021-11-02 00:04:22.662  INFO 9288 --- [http-nio-8080-exec-1] o.s.web.servlet.DispatcherServlet        : Completed initialization in 1 ms
2021-11-02 00:37:43.753  INFO 9288 --- [restartedMain] .p.d.DesafioBibliotecaBookletApplication : Starting DesafioBibliotecaBookletApplication using Java 17 on DESKTOP-KNDBE4F with PID 9288 (C:\Users\pablo\eclipse-workspace\desafioBibliotecaBooklet\target\classes started by pablo in C:\Users\pablo\eclipse-workspace\desafioBibliotecaBooklet)
2021-11-02 00:37:43.755  INFO 9288 --- [restartedMain] .p.d.DesafioBibliotecaBookletApplication : No active profile set, falling back to default profiles: default
2021-11-02 00:37:43.958  INFO 9288 --- [restartedMain] o.s.b.w.embedded.tomcat.TomcatWebServer  : Tomcat initialized with port(s): 8080 (http)
2021-11-02 00:37:43.959  INFO 9288 --- [restartedMain] o.apache.catalina.core.StandardService   : Starting service [Tomcat]
2021-11-02 00:37:43.959  INFO 9288 --- [restartedMain] org.apache.catalina.core.StandardEngine  : Starting Servlet engine: [Apache Tomcat/9.0.54]
2021-11-02 00:37:44.030  INFO 9288 --- [restartedMain] org.apache.jasper.servlet.TldScanner     : At least one JAR was scanned for TLDs yet contained no TLDs. Enable debug logging for this logger for a complete list of JARs that were scanned but no TLDs were found in them. Skipping unneeded JARs during scanning can improve startup time and JSP compilation time.
2021-11-02 00:37:44.032  INFO 9288 --- [restartedMain] o.a.c.c.C.[Tomcat].[localhost].[/]       : Initializing Spring embedded WebApplicationContext
2021-11-02 00:37:44.032  INFO 9288 --- [restartedMain] w.s.c.ServletWebServerApplicationContext : Root WebApplicationContext: initialization completed in 275 ms
2021-11-02 00:37:44.091  INFO 9288 --- [restartedMain] o.s.b.a.w.s.WelcomePageHandlerMapping    : Adding welcome page template: index
2021-11-02 00:37:44.123  INFO 9288 --- [restartedMain] o.s.b.d.a.OptionalLiveReloadServer       : LiveReload server is running on port 35729
2021-11-02 00:37:44.131  INFO 9288 --- [restartedMain] o.s.b.w.embedded.tomcat.TomcatWebServer  : Tomcat started on port(s): 8080 (http) with context path ''
2021-11-02 00:37:44.134  INFO 9288 --- [restartedMain] .p.d.DesafioBibliotecaBookletApplication : Started DesafioBibliotecaBookletApplication in 0.412 seconds (JVM running for 3526.847)
2021-11-02 00:37:44.135  INFO 9288 --- [restartedMain] .ConditionEvaluationDeltaLoggingListener : Condition evaluation unchanged
2021-11-02 00:39:15.542  INFO 9288 --- [restartedMain] .p.d.DesafioBibliotecaBookletApplication : Starting DesafioBibliotecaBookletApplication using Java 17 on DESKTOP-KNDBE4F with PID 9288 (C:\Users\pablo\eclipse-workspace\desafioBibliotecaBooklet\target\classes started by pablo in C:\Users\pablo\eclipse-workspace\desafioBibliotecaBooklet)
2021-11-02 00:39:15.543  INFO 9288 --- [restartedMain] .p.d.DesafioBibliotecaBookletApplication : No active profile set, falling back to default profiles: default
2021-11-02 00:39:15.727  INFO 9288 --- [restartedMain] o.s.b.w.embedded.tomcat.TomcatWebServer  : Tomcat initialized with port(s): 8080 (http)
2021-11-02 00:39:15.728  INFO 9288 --- [restartedMain] o.apache.catalina.core.StandardService   : Starting service [Tomcat]
2021-11-02 00:39:15.728  INFO 9288 --- [restartedMain] org.apache.catalina.core.StandardEngine  : Starting Servlet engine: [Apache Tomcat/9.0.54]
2021-11-02 00:39:15.790  INFO 9288 --- [restartedMain] org.apache.jasper.servlet.TldScanner     : At least one JAR was scanned for TLDs yet contained no TLDs. Enable debug logging for this logger for a complete list of JARs that were scanned but no TLDs were found in them. Skipping unneeded JARs during scanning can improve startup time and JSP compilation time.
2021-11-02 00:39:15.793  INFO 9288 --- [restartedMain] o.a.c.c.C.[Tomcat].[localhost].[/]       : Initializing Spring embedded WebApplicationContext
2021-11-02 00:39:15.793  INFO 9288 --- [restartedMain] w.s.c.ServletWebServerApplicationContext : Root WebApplicationContext: initialization completed in 249 ms
2021-11-02 00:39:15.853  INFO 9288 --- [restartedMain] o.s.b.a.w.s.WelcomePageHandlerMapping    : Adding welcome page template: index
2021-11-02 00:39:15.879  INFO 9288 --- [restartedMain] o.s.b.d.a.OptionalLiveReloadServer       : LiveReload server is running on port 35729
2021-11-02 00:39:15.886  INFO 9288 --- [restartedMain] o.s.b.w.embedded.tomcat.TomcatWebServer  : Tomcat started on port(s): 8080 (http) with context path ''
2021-11-02 00:39:15.889  INFO 9288 --- [restartedMain] .p.d.DesafioBibliotecaBookletApplication : Started DesafioBibliotecaBookletApplication in 0.373 seconds (JVM running for 3618.602)
2021-11-02 00:39:15.890  INFO 9288 --- [restartedMain] .ConditionEvaluationDeltaLoggingListener : Condition evaluation unchanged
2021-11-02 00:40:54.338  INFO 9288 --- [restartedMain] .p.d.DesafioBibliotecaBookletApplication : Starting DesafioBibliotecaBookletApplication using Java 17 on DESKTOP-KNDBE4F with PID 9288 (C:\Users\pablo\eclipse-workspace\desafioBibliotecaBooklet\target\classes started by pablo in C:\Users\pablo\eclipse-workspace\desafioBibliotecaBooklet)
2021-11-02 00:40:54.339  INFO 9288 --- [restartedMain] .p.d.DesafioBibliotecaBookletApplication : No active profile set, falling back to default profiles: default
2021-11-02 00:40:54.520  INFO 9288 --- [restartedMain] o.s.b.w.embedded.tomcat.TomcatWebServer  : Tomcat initialized with port(s): 8080 (http)
2021-11-02 00:40:54.520  INFO 9288 --- [restartedMain] o.apache.catalina.core.StandardService   : Starting service [Tomcat]
2021-11-02 00:40:54.521  INFO 9288 --- [restartedMain] org.apache.catalina.core.StandardEngine  : Starting Servlet engine: [Apache Tomcat/9.0.54]
2021-11-02 00:40:54.577  INFO 9288 --- [restartedMain] org.apache.jasper.servlet.TldScanner     : At least one JAR was scanned for TLDs yet contained no TLDs. Enable debug logging for this logger for a complete list of JARs that were scanned but no TLDs were found in them. Skipping unneeded JARs during scanning can improve startup time and JSP compilation time.
2021-11-02 00:40:54.579  INFO 9288 --- [restartedMain] o.a.c.c.C.[Tomcat].[localhost].[/]       : Initializing Spring embedded WebApplicationContext
2021-11-02 00:40:54.579  INFO 9288 --- [restartedMain] w.s.c.ServletWebServerApplicationContext : Root WebApplicationContext: initialization completed in 238 ms
2021-11-02 00:40:54.629  INFO 9288 --- [restartedMain] o.s.b.a.w.s.WelcomePageHandlerMapping    : Adding welcome page template: index
2021-11-02 00:40:54.654  INFO 9288 --- [restartedMain] o.s.b.d.a.OptionalLiveReloadServer       : LiveReload server is running on port 35729
2021-11-02 00:40:54.661  INFO 9288 --- [restartedMain] o.s.b.w.embedded.tomcat.TomcatWebServer  : Tomcat started on port(s): 8080 (http) with context path ''
2021-11-02 00:40:54.664  INFO 9288 --- [restartedMain] .p.d.DesafioBibliotecaBookletApplication : Started DesafioBibliotecaBookletApplication in 0.354 seconds (JVM running for 3717.378)
2021-11-02 00:40:54.665  INFO 9288 --- [restartedMain] .ConditionEvaluationDeltaLoggingListener : Condition evaluation unchanged
2021-11-02 00:45:02.518  INFO 9288 --- [restartedMain] .p.d.DesafioBibliotecaBookletApplication : Starting DesafioBibliotecaBookletApplication using Java 17 on DESKTOP-KNDBE4F with PID 9288 (C:\Users\pablo\eclipse-workspace\desafioBibliotecaBooklet\target\classes started by pablo in C:\Users\pablo\eclipse-workspace\desafioBibliotecaBooklet)
2021-11-02 00:45:02.518  INFO 9288 --- [restartedMain] .p.d.DesafioBibliotecaBookletApplication : No active profile set, falling back to default profiles: default
2021-11-02 00:45:02.694  INFO 9288 --- [restartedMain] o.s.b.w.embedded.tomcat.TomcatWebServer  : Tomcat initialized with port(s): 8080 (http)
2021-11-02 00:45:02.694  INFO 9288 --- [restartedMain] o.apache.catalina.core.StandardService   : Starting service [Tomcat]
2021-11-02 00:45:02.694  INFO 9288 --- [restartedMain] org.apache.catalina.core.StandardEngine  : Starting Servlet engine: [Apache Tomcat/9.0.54]
2021-11-02 00:45:02.750  INFO 9288 --- [restartedMain] org.apache.jasper.servlet.TldScanner     : At least one JAR was scanned for TLDs yet contained no TLDs. Enable debug logging for this logger for a complete list of JARs that were scanned but no TLDs were found in them. Skipping unneeded JARs during scanning can improve startup time and JSP compilation time.
2021-11-02 00:45:02.752  INFO 9288 --- [restartedMain] o.a.c.c.C.[Tomcat].[localhost].[/]       : Initializing Spring embedded WebApplicationContext
2021-11-02 00:45:02.753  INFO 9288 --- [restartedMain] w.s.c.ServletWebServerApplicationContext : Root WebApplicationContext: initialization completed in 233 ms
2021-11-02 00:45:02.808  INFO 9288 --- [restartedMain] o.s.b.a.w.s.WelcomePageHandlerMapping    : Adding welcome page template: index
2021-11-02 00:45:02.834  INFO 9288 --- [restartedMain] o.s.b.d.a.OptionalLiveReloadServer       : LiveReload server is running on port 35729
2021-11-02 00:45:02.842  INFO 9288 --- [restartedMain] o.s.b.w.embedded.tomcat.TomcatWebServer  : Tomcat started on port(s): 8080 (http) with context path ''
2021-11-02 00:45:02.845  INFO 9288 --- [restartedMain] .p.d.DesafioBibliotecaBookletApplication : Started DesafioBibliotecaBookletApplication in 0.353 seconds (JVM running for 3965.558)
2021-11-02 00:45:02.845  INFO 9288 --- [restartedMain] .ConditionEvaluationDeltaLoggingListener : Condition evaluation unchanged
2021-11-02 00:46:48.044  INFO 9288 --- [restartedMain] .p.d.DesafioBibliotecaBookletApplication : Starting DesafioBibliotecaBookletApplication using Java 17 on DESKTOP-KNDBE4F with PID 9288 (C:\Users\pablo\eclipse-workspace\desafioBibliotecaBooklet\target\classes started by pablo in C:\Users\pablo\eclipse-workspace\desafioBibliotecaBooklet)
2021-11-02 00:46:48.044  INFO 9288 --- [restartedMain] .p.d.DesafioBibliotecaBookletApplication : No active profile set, falling back to default profiles: default
2021-11-02 00:46:48.222  INFO 9288 --- [restartedMain] o.s.b.w.embedded.tomcat.TomcatWebServer  : Tomcat initialized with port(s): 8080 (http)
2021-11-02 00:46:48.223  INFO 9288 --- [restartedMain] o.apache.catalina.core.StandardService   : Starting service [Tomcat]
2021-11-02 00:46:48.223  INFO 9288 --- [restartedMain] org.apache.catalina.core.StandardEngine  : Starting Servlet engine: [Apache Tomcat/9.0.54]
2021-11-02 00:46:48.279  INFO 9288 --- [restartedMain] org.apache.jasper.servlet.TldScanner     : At least one JAR was scanned for TLDs yet contained no TLDs. Enable debug logging for this logger for a complete list of JARs that were scanned but no TLDs were found in them. Skipping unneeded JARs during scanning can improve startup time and JSP compilation time.
2021-11-02 00:46:48.281  INFO 9288 --- [restartedMain] o.a.c.c.C.[Tomcat].[localhost].[/]       : Initializing Spring embedded WebApplicationContext
2021-11-02 00:46:48.282  INFO 9288 --- [restartedMain] w.s.c.ServletWebServerApplicationContext : Root WebApplicationContext: initialization completed in 236 ms
2021-11-02 00:46:48.328  INFO 9288 --- [restartedMain] o.s.b.a.w.s.WelcomePageHandlerMapping    : Adding welcome page template: index
2021-11-02 00:46:48.354  INFO 9288 --- [restartedMain] o.s.b.d.a.OptionalLiveReloadServer       : LiveReload server is running on port 35729
2021-11-02 00:46:48.360  INFO 9288 --- [restartedMain] o.s.b.w.embedded.tomcat.TomcatWebServer  : Tomcat started on port(s): 8080 (http) with context path ''
2021-11-02 00:46:48.363  INFO 9288 --- [restartedMain] .p.d.DesafioBibliotecaBookletApplication : Started DesafioBibliotecaBookletApplication in 0.345 seconds (JVM running for 4071.077)
2021-11-02 00:46:48.364  INFO 9288 --- [restartedMain] .ConditionEvaluationDeltaLoggingListener : Condition evaluation unchanged
2021-11-02 00:46:55.274  INFO 9288 --- [http-nio-8080-exec-1] o.a.c.c.C.[Tomcat].[localhost].[/]       : Initializing Spring DispatcherServlet 'dispatcherServlet'
2021-11-02 00:46:55.274  INFO 9288 --- [http-nio-8080-exec-1] o.s.web.servlet.DispatcherServlet        : Initializing Servlet 'dispatcherServlet'
2021-11-02 00:46:55.275  INFO 9288 --- [http-nio-8080-exec-1] o.s.web.servlet.DispatcherServlet        : Completed initialization in 1 ms
2021-11-02 00:48:09.800  INFO 9288 --- [RMI TCP Connection(72)-127.0.0.1] inMXBeanRegistrar$SpringApplicationAdmin : Application shutdown requested.
2021-11-02 00:48:34.087  INFO 5944 --- [restartedMain] .p.d.DesafioBibliotecaBookletApplication : Starting DesafioBibliotecaBookletApplication using Java 17 on DESKTOP-KNDBE4F with PID 5944 (C:\Users\pablo\eclipse-workspace\desafioBibliotecaBooklet\target\classes started by pablo in C:\Users\pablo\eclipse-workspace\desafioBibliotecaBooklet)
2021-11-02 00:48:34.088  INFO 5944 --- [restartedMain] .p.d.DesafioBibliotecaBookletApplication : No active profile set, falling back to default profiles: default
2021-11-02 00:48:34.132  INFO 5944 --- [restartedMain] .e.DevToolsPropertyDefaultsPostProcessor : Devtools property defaults active! Set 'spring.devtools.add-properties' to 'false' to disable
2021-11-02 00:48:34.132  INFO 5944 --- [restartedMain] .e.DevToolsPropertyDefaultsPostProcessor : For additional web related logging consider setting the 'logging.level.web' property to 'DEBUG'
2021-11-02 00:48:35.154  INFO 5944 --- [restartedMain] o.s.b.w.embedded.tomcat.TomcatWebServer  : Tomcat initialized with port(s): 8080 (http)
2021-11-02 00:48:35.165  INFO 5944 --- [restartedMain] o.apache.catalina.core.StandardService   : Starting service [Tomcat]
2021-11-02 00:48:35.166  INFO 5944 --- [restartedMain] org.apache.catalina.core.StandardEngine  : Starting Servlet engine: [Apache Tomcat/9.0.54]
2021-11-02 00:48:35.376  INFO 5944 --- [restartedMain] org.apache.jasper.servlet.TldScanner     : At least one JAR was scanned for TLDs yet contained no TLDs. Enable debug logging for this logger for a complete list of JARs that were scanned but no TLDs were found in them. Skipping unneeded JARs during scanning can improve startup time and JSP compilation time.
2021-11-02 00:48:35.390  INFO 5944 --- [restartedMain] o.a.c.c.C.[Tomcat].[localhost].[/]       : Initializing Spring embedded WebApplicationContext
2021-11-02 00:48:35.390  INFO 5944 --- [restartedMain] w.s.c.ServletWebServerApplicationContext : Root WebApplicationContext: initialization completed in 1257 ms
2021-11-02 00:48:35.686  INFO 5944 --- [restartedMain] o.s.b.a.w.s.WelcomePageHandlerMapping    : Adding welcome page template: index
2021-11-02 00:48:35.809  INFO 5944 --- [restartedMain] o.s.b.d.a.OptionalLiveReloadServer       : LiveReload server is running on port 35729
2021-11-02 00:48:35.862  INFO 5944 --- [restartedMain] o.s.b.w.embedded.tomcat.TomcatWebServer  : Tomcat started on port(s): 8080 (http) with context path ''
2021-11-02 00:48:35.872  INFO 5944 --- [restartedMain] .p.d.DesafioBibliotecaBookletApplication : Started DesafioBibliotecaBookletApplication in 2.157 seconds (JVM running for 2.893)
2021-11-02 00:48:37.997  INFO 5944 --- [http-nio-8080-exec-1] o.a.c.c.C.[Tomcat].[localhost].[/]       : Initializing Spring DispatcherServlet 'dispatcherServlet'
2021-11-02 00:48:37.998  INFO 5944 --- [http-nio-8080-exec-1] o.s.web.servlet.DispatcherServlet        : Initializing Servlet 'dispatcherServlet'
2021-11-02 00:48:37.999  INFO 5944 --- [http-nio-8080-exec-1] o.s.web.servlet.DispatcherServlet        : Completed initialization in 1 ms
2021-11-02 00:49:50.739  INFO 5944 --- [restartedMain] .p.d.DesafioBibliotecaBookletApplication : Starting DesafioBibliotecaBookletApplication using Java 17 on DESKTOP-KNDBE4F with PID 5944 (C:\Users\pablo\eclipse-workspace\desafioBibliotecaBooklet\target\classes started by pablo in C:\Users\pablo\eclipse-workspace\desafioBibliotecaBooklet)
2021-11-02 00:49:50.739  INFO 5944 --- [restartedMain] .p.d.DesafioBibliotecaBookletApplication : No active profile set, falling back to default profiles: default
2021-11-02 00:49:50.951  INFO 5944 --- [restartedMain] o.s.b.w.embedded.tomcat.TomcatWebServer  : Tomcat initialized with port(s): 8080 (http)
2021-11-02 00:49:50.952  INFO 5944 --- [restartedMain] o.apache.catalina.core.StandardService   : Starting service [Tomcat]
2021-11-02 00:49:50.952  INFO 5944 --- [restartedMain] org.apache.catalina.core.StandardEngine  : Starting Servlet engine: [Apache Tomcat/9.0.54]
2021-11-02 00:49:51.019  INFO 5944 --- [restartedMain] org.apache.jasper.servlet.TldScanner     : At least one JAR was scanned for TLDs yet contained no TLDs. Enable debug logging for this logger for a complete list of JARs that were scanned but no TLDs were found in them. Skipping unneeded JARs during scanning can improve startup time and JSP compilation time.
2021-11-02 00:49:51.022  INFO 5944 --- [restartedMain] o.a.c.c.C.[Tomcat].[localhost].[/]       : Initializing Spring embedded WebApplicationContext
2021-11-02 00:49:51.022  INFO 5944 --- [restartedMain] w.s.c.ServletWebServerApplicationContext : Root WebApplicationContext: initialization completed in 281 ms
2021-11-02 00:49:51.101  INFO 5944 --- [restartedMain] o.s.b.a.w.s.WelcomePageHandlerMapping    : Adding welcome page template: index
2021-11-02 00:49:51.135  INFO 5944 --- [restartedMain] o.s.b.d.a.OptionalLiveReloadServer       : LiveReload server is running on port 35729
2021-11-02 00:49:51.143  INFO 5944 --- [restartedMain] o.s.b.w.embedded.tomcat.TomcatWebServer  : Tomcat started on port(s): 8080 (http) with context path ''
2021-11-02 00:49:51.147  INFO 5944 --- [restartedMain] .p.d.DesafioBibliotecaBookletApplication : Started DesafioBibliotecaBookletApplication in 0.442 seconds (JVM running for 78.168)
2021-11-02 00:49:51.148  INFO 5944 --- [restartedMain] .ConditionEvaluationDeltaLoggingListener : Condition evaluation unchanged
2021-11-02 00:49:53.405  INFO 5944 --- [http-nio-8080-exec-1] o.a.c.c.C.[Tomcat].[localhost].[/]       : Initializing Spring DispatcherServlet 'dispatcherServlet'
2021-11-02 00:49:53.405  INFO 5944 --- [http-nio-8080-exec-1] o.s.web.servlet.DispatcherServlet        : Initializing Servlet 'dispatcherServlet'
2021-11-02 00:49:53.406  INFO 5944 --- [http-nio-8080-exec-1] o.s.web.servlet.DispatcherServlet        : Completed initialization in 1 ms
2021-11-02 00:50:22.798  INFO 5944 --- [restartedMain] .p.d.DesafioBibliotecaBookletApplication : Starting DesafioBibliotecaBookletApplication using Java 17 on DESKTOP-KNDBE4F with PID 5944 (C:\Users\pablo\eclipse-workspace\desafioBibliotecaBooklet\target\classes started by pablo in C:\Users\pablo\eclipse-workspace\desafioBibliotecaBooklet)
2021-11-02 00:50:22.799  INFO 5944 --- [restartedMain] .p.d.DesafioBibliotecaBookletApplication : No active profile set, falling back to default profiles: default
2021-11-02 00:50:23.010  INFO 5944 --- [restartedMain] o.s.b.w.embedded.tomcat.TomcatWebServer  : Tomcat initialized with port(s): 8080 (http)
2021-11-02 00:50:23.011  INFO 5944 --- [restartedMain] o.apache.catalina.core.StandardService   : Starting service [Tomcat]
2021-11-02 00:50:23.011  INFO 5944 --- [restartedMain] org.apache.catalina.core.StandardEngine  : Starting Servlet engine: [Apache Tomcat/9.0.54]
2021-11-02 00:50:23.097  INFO 5944 --- [restartedMain] org.apache.jasper.servlet.TldScanner     : At least one JAR was scanned for TLDs yet contained no TLDs. Enable debug logging for this logger for a complete list of JARs that were scanned but no TLDs were found in them. Skipping unneeded JARs during scanning can improve startup time and JSP compilation time.
2021-11-02 00:50:23.100  INFO 5944 --- [restartedMain] o.a.c.c.C.[Tomcat].[localhost].[/]       : Initializing Spring embedded WebApplicationContext
2021-11-02 00:50:23.100  INFO 5944 --- [restartedMain] w.s.c.ServletWebServerApplicationContext : Root WebApplicationContext: initialization completed in 299 ms
2021-11-02 00:50:23.172  INFO 5944 --- [restartedMain] o.s.b.a.w.s.WelcomePageHandlerMapping    : Adding welcome page template: index
2021-11-02 00:50:23.201  INFO 5944 --- [restartedMain] o.s.b.d.a.OptionalLiveReloadServer       : LiveReload server is running on port 35729
2021-11-02 00:50:23.208  INFO 5944 --- [restartedMain] o.s.b.w.embedded.tomcat.TomcatWebServer  : Tomcat started on port(s): 8080 (http) with context path ''
2021-11-02 00:50:23.211  INFO 5944 --- [restartedMain] .p.d.DesafioBibliotecaBookletApplication : Started DesafioBibliotecaBookletApplication in 0.442 seconds (JVM running for 110.232)
2021-11-02 00:50:23.212  INFO 5944 --- [restartedMain] .ConditionEvaluationDeltaLoggingListener : Condition evaluation unchanged
2021-11-02 00:50:25.691  INFO 5944 --- [http-nio-8080-exec-1] o.a.c.c.C.[Tomcat].[localhost].[/]       : Initializing Spring DispatcherServlet 'dispatcherServlet'
2021-11-02 00:50:25.692  INFO 5944 --- [http-nio-8080-exec-1] o.s.web.servlet.DispatcherServlet        : Initializing Servlet 'dispatcherServlet'
2021-11-02 00:50:25.693  INFO 5944 --- [http-nio-8080-exec-1] o.s.web.servlet.DispatcherServlet        : Completed initialization in 1 ms
2021-11-02 00:51:26.806  INFO 5944 --- [restartedMain] .p.d.DesafioBibliotecaBookletApplication : Starting DesafioBibliotecaBookletApplication using Java 17 on DESKTOP-KNDBE4F with PID 5944 (C:\Users\pablo\eclipse-workspace\desafioBibliotecaBooklet\target\classes started by pablo in C:\Users\pablo\eclipse-workspace\desafioBibliotecaBooklet)
2021-11-02 00:51:26.806  INFO 5944 --- [restartedMain] .p.d.DesafioBibliotecaBookletApplication : No active profile set, falling back to default profiles: default
2021-11-02 00:51:26.998  INFO 5944 --- [restartedMain] o.s.b.w.embedded.tomcat.TomcatWebServer  : Tomcat initialized with port(s): 8080 (http)
2021-11-02 00:51:26.999  INFO 5944 --- [restartedMain] o.apache.catalina.core.StandardService   : Starting service [Tomcat]
2021-11-02 00:51:26.999  INFO 5944 --- [restartedMain] org.apache.catalina.core.StandardEngine  : Starting Servlet engine: [Apache Tomcat/9.0.54]
2021-11-02 00:51:27.052  INFO 5944 --- [restartedMain] org.apache.jasper.servlet.TldScanner     : At least one JAR was scanned for TLDs yet contained no TLDs. Enable debug logging for this logger for a complete list of JARs that were scanned but no TLDs were found in them. Skipping unneeded JARs during scanning can improve startup time and JSP compilation time.
2021-11-02 00:51:27.054  INFO 5944 --- [restartedMain] o.a.c.c.C.[Tomcat].[localhost].[/]       : Initializing Spring embedded WebApplicationContext
2021-11-02 00:51:27.054  INFO 5944 --- [restartedMain] w.s.c.ServletWebServerApplicationContext : Root WebApplicationContext: initialization completed in 245 ms
2021-11-02 00:51:27.119  INFO 5944 --- [restartedMain] o.s.b.a.w.s.WelcomePageHandlerMapping    : Adding welcome page template: index
2021-11-02 00:51:27.146  INFO 5944 --- [restartedMain] o.s.b.d.a.OptionalLiveReloadServer       : LiveReload server is running on port 35729
2021-11-02 00:51:27.154  INFO 5944 --- [restartedMain] o.s.b.w.embedded.tomcat.TomcatWebServer  : Tomcat started on port(s): 8080 (http) with context path ''
2021-11-02 00:51:27.157  INFO 5944 --- [restartedMain] .p.d.DesafioBibliotecaBookletApplication : Started DesafioBibliotecaBookletApplication in 0.382 seconds (JVM running for 174.178)
2021-11-02 00:51:27.158  INFO 5944 --- [restartedMain] .ConditionEvaluationDeltaLoggingListener : Condition evaluation unchanged
2021-11-02 00:51:30.060  INFO 5944 --- [http-nio-8080-exec-1] o.a.c.c.C.[Tomcat].[localhost].[/]       : Initializing Spring DispatcherServlet 'dispatcherServlet'
2021-11-02 00:51:30.060  INFO 5944 --- [http-nio-8080-exec-1] o.s.web.servlet.DispatcherServlet        : Initializing Servlet 'dispatcherServlet'
2021-11-02 00:51:30.061  INFO 5944 --- [http-nio-8080-exec-1] o.s.web.servlet.DispatcherServlet        : Completed initialization in 0 ms
2021-11-02 00:52:36.059  INFO 5944 --- [restartedMain] .p.d.DesafioBibliotecaBookletApplication : Starting DesafioBibliotecaBookletApplication using Java 17 on DESKTOP-KNDBE4F with PID 5944 (C:\Users\pablo\eclipse-workspace\desafioBibliotecaBooklet\target\classes started by pablo in C:\Users\pablo\eclipse-workspace\desafioBibliotecaBooklet)
2021-11-02 00:52:36.059  INFO 5944 --- [restartedMain] .p.d.DesafioBibliotecaBookletApplication : No active profile set, falling back to default profiles: default
2021-11-02 00:52:36.250  INFO 5944 --- [restartedMain] o.s.b.w.embedded.tomcat.TomcatWebServer  : Tomcat initialized with port(s): 8080 (http)
2021-11-02 00:52:36.252  INFO 5944 --- [restartedMain] o.apache.catalina.core.StandardService   : Starting service [Tomcat]
2021-11-02 00:52:36.252  INFO 5944 --- [restartedMain] org.apache.catalina.core.StandardEngine  : Starting Servlet engine: [Apache Tomcat/9.0.54]
2021-11-02 00:52:36.309  INFO 5944 --- [restartedMain] org.apache.jasper.servlet.TldScanner     : At least one JAR was scanned for TLDs yet contained no TLDs. Enable debug logging for this logger for a complete list of JARs that were scanned but no TLDs were found in them. Skipping unneeded JARs during scanning can improve startup time and JSP compilation time.
2021-11-02 00:52:36.311  INFO 5944 --- [restartedMain] o.a.c.c.C.[Tomcat].[localhost].[/]       : Initializing Spring embedded WebApplicationContext
2021-11-02 00:52:36.312  INFO 5944 --- [restartedMain] w.s.c.ServletWebServerApplicationContext : Root WebApplicationContext: initialization completed in 250 ms
2021-11-02 00:52:36.379  INFO 5944 --- [restartedMain] o.s.b.a.w.s.WelcomePageHandlerMapping    : Adding welcome page template: index
2021-11-02 00:52:36.408  INFO 5944 --- [restartedMain] o.s.b.d.a.OptionalLiveReloadServer       : LiveReload server is running on port 35729
2021-11-02 00:52:36.416  INFO 5944 --- [restartedMain] o.s.b.w.embedded.tomcat.TomcatWebServer  : Tomcat started on port(s): 8080 (http) with context path ''
2021-11-02 00:52:36.420  INFO 5944 --- [restartedMain] .p.d.DesafioBibliotecaBookletApplication : Started DesafioBibliotecaBookletApplication in 0.394 seconds (JVM running for 243.441)
2021-11-02 00:52:36.423  INFO 5944 --- [restartedMain] .ConditionEvaluationDeltaLoggingListener : Condition evaluation unchanged
2021-11-02 00:52:38.522  INFO 5944 --- [http-nio-8080-exec-1] o.a.c.c.C.[Tomcat].[localhost].[/]       : Initializing Spring DispatcherServlet 'dispatcherServlet'
2021-11-02 00:52:38.522  INFO 5944 --- [http-nio-8080-exec-1] o.s.web.servlet.DispatcherServlet        : Initializing Servlet 'dispatcherServlet'
2021-11-02 00:52:38.524  INFO 5944 --- [http-nio-8080-exec-1] o.s.web.servlet.DispatcherServlet        : Completed initialization in 1 ms
2021-11-02 00:54:47.110  WARN 5944 --- [restartedMain] s.c.a.AnnotationConfigApplicationContext : Exception encountered during context initialization - cancelling refresh attempt: org.springframework.beans.factory.BeanCreationException: Error creating bean with name 'optionalLiveReloadServer' defined in class path resource [org/springframework/boot/devtools/autoconfigure/LocalDevToolsAutoConfiguration$LiveReloadConfiguration.class]: Unexpected exception during bean creation; nested exception is java.lang.IllegalStateException: No Scope registered for scope name 'restart'
2021-11-02 10:34:55.604  INFO 9716 --- [restartedMain] .p.d.DesafioBibliotecaBookletApplication : Starting DesafioBibliotecaBookletApplication using Java 17 on DESKTOP-KNDBE4F with PID 9716 (C:\Users\pablo\eclipse-workspace\desafioBibliotecaBooklet\target\classes started by pablo in C:\Users\pablo\eclipse-workspace\desafioBibliotecaBooklet)
2021-11-02 10:34:55.605  INFO 9716 --- [restartedMain] .p.d.DesafioBibliotecaBookletApplication : No active profile set, falling back to default profiles: default
2021-11-02 10:34:55.653  INFO 9716 --- [restartedMain] .e.DevToolsPropertyDefaultsPostProcessor : Devtools property defaults active! Set 'spring.devtools.add-properties' to 'false' to disable
2021-11-02 10:34:55.653  INFO 9716 --- [restartedMain] .e.DevToolsPropertyDefaultsPostProcessor : For additional web related logging consider setting the 'logging.level.web' property to 'DEBUG'
2021-11-02 10:34:56.892  INFO 9716 --- [restartedMain] o.s.b.w.embedded.tomcat.TomcatWebServer  : Tomcat initialized with port(s): 8080 (http)
2021-11-02 10:34:56.905  INFO 9716 --- [restartedMain] o.apache.catalina.core.StandardService   : Starting service [Tomcat]
2021-11-02 10:34:56.905  INFO 9716 --- [restartedMain] org.apache.catalina.core.StandardEngine  : Starting Servlet engine: [Apache Tomcat/9.0.54]
2021-11-02 10:34:57.177  INFO 9716 --- [restartedMain] org.apache.jasper.servlet.TldScanner     : At least one JAR was scanned for TLDs yet contained no TLDs. Enable debug logging for this logger for a complete list of JARs that were scanned but no TLDs were found in them. Skipping unneeded JARs during scanning can improve startup time and JSP compilation time.
2021-11-02 10:34:57.195  INFO 9716 --- [restartedMain] o.a.c.c.C.[Tomcat].[localhost].[/]       : Initializing Spring embedded WebApplicationContext
2021-11-02 10:34:57.195  INFO 9716 --- [restartedMain] w.s.c.ServletWebServerApplicationContext : Root WebApplicationContext: initialization completed in 1541 ms
2021-11-02 10:34:57.536  INFO 9716 --- [restartedMain] o.s.b.a.w.s.WelcomePageHandlerMapping    : Adding welcome page template: index
2021-11-02 10:34:57.686  INFO 9716 --- [restartedMain] o.s.b.d.a.OptionalLiveReloadServer       : LiveReload server is running on port 35729
2021-11-02 10:34:57.748  INFO 9716 --- [restartedMain] o.s.b.w.embedded.tomcat.TomcatWebServer  : Tomcat started on port(s): 8080 (http) with context path ''
2021-11-02 10:34:57.759  INFO 9716 --- [restartedMain] .p.d.DesafioBibliotecaBookletApplication : Started DesafioBibliotecaBookletApplication in 2.627 seconds (JVM running for 3.522)
2021-11-02 10:34:58.648  INFO 9716 --- [http-nio-8080-exec-1] o.a.c.c.C.[Tomcat].[localhost].[/]       : Initializing Spring DispatcherServlet 'dispatcherServlet'
2021-11-02 10:34:58.649  INFO 9716 --- [http-nio-8080-exec-1] o.s.web.servlet.DispatcherServlet        : Initializing Servlet 'dispatcherServlet'
2021-11-02 10:34:58.650  INFO 9716 --- [http-nio-8080-exec-1] o.s.web.servlet.DispatcherServlet        : Completed initialization in 1 ms
2021-11-02 10:44:57.390  WARN 9716 --- [http-nio-8080-exec-6] .w.s.m.s.DefaultHandlerExceptionResolver : Resolved [org.springframework.validation.BindException: org.springframework.validation.BeanPropertyBindingResult: 1 errors<LF>Field error in object 'libro' on field 'anio': rejected value [asdasd]; codes [typeMismatch.libro.anio,typeMismatch.anio,typeMismatch.java.lang.Integer,typeMismatch]; arguments [org.springframework.context.support.DefaultMessageSourceResolvable: codes [libro.anio,anio]; arguments []; default message [anio]]; default message [Failed to convert property value of type 'java.lang.String' to required type 'java.lang.Integer' for property 'anio'; nested exception is java.lang.NumberFormatException: For input string: "asdasd"]]
2021-11-02 10:47:00.593  INFO 9716 --- [restartedMain] .p.d.DesafioBibliotecaBookletApplication : Starting DesafioBibliotecaBookletApplication using Java 17 on DESKTOP-KNDBE4F with PID 9716 (C:\Users\pablo\eclipse-workspace\desafioBibliotecaBooklet\target\classes started by pablo in C:\Users\pablo\eclipse-workspace\desafioBibliotecaBooklet)
2021-11-02 10:47:00.594  INFO 9716 --- [restartedMain] .p.d.DesafioBibliotecaBookletApplication : No active profile set, falling back to default profiles: default
2021-11-02 10:47:00.885  INFO 9716 --- [restartedMain] o.s.b.w.embedded.tomcat.TomcatWebServer  : Tomcat initialized with port(s): 8080 (http)
2021-11-02 10:47:00.886  INFO 9716 --- [restartedMain] o.apache.catalina.core.StandardService   : Starting service [Tomcat]
2021-11-02 10:47:00.887  INFO 9716 --- [restartedMain] org.apache.catalina.core.StandardEngine  : Starting Servlet engine: [Apache Tomcat/9.0.54]
2021-11-02 10:47:00.989  INFO 9716 --- [restartedMain] org.apache.jasper.servlet.TldScanner     : At least one JAR was scanned for TLDs yet contained no TLDs. Enable debug logging for this logger for a complete list of JARs that were scanned but no TLDs were found in them. Skipping unneeded JARs during scanning can improve startup time and JSP compilation time.
2021-11-02 10:47:01.002  INFO 9716 --- [restartedMain] o.a.c.c.C.[Tomcat].[localhost].[/]       : Initializing Spring embedded WebApplicationContext
2021-11-02 10:47:01.003  INFO 9716 --- [restartedMain] w.s.c.ServletWebServerApplicationContext : Root WebApplicationContext: initialization completed in 405 ms
2021-11-02 10:47:01.097  INFO 9716 --- [restartedMain] o.s.b.a.w.s.WelcomePageHandlerMapping    : Adding welcome page template: index
2021-11-02 10:47:01.162  INFO 9716 --- [restartedMain] o.s.b.d.a.OptionalLiveReloadServer       : LiveReload server is running on port 35729
2021-11-02 10:47:01.172  INFO 9716 --- [restartedMain] o.s.b.w.embedded.tomcat.TomcatWebServer  : Tomcat started on port(s): 8080 (http) with context path ''
2021-11-02 10:47:01.175  INFO 9716 --- [restartedMain] .p.d.DesafioBibliotecaBookletApplication : Started DesafioBibliotecaBookletApplication in 0.618 seconds (JVM running for 726.938)
2021-11-02 10:47:01.177  INFO 9716 --- [restartedMain] .ConditionEvaluationDeltaLoggingListener : Condition evaluation unchanged
2021-11-02 10:47:03.772  INFO 9716 --- [http-nio-8080-exec-1] o.a.c.c.C.[Tomcat].[localhost].[/]       : Initializing Spring DispatcherServlet 'dispatcherServlet'
2021-11-02 10:47:03.773  INFO 9716 --- [http-nio-8080-exec-1] o.s.web.servlet.DispatcherServlet        : Initializing Servlet 'dispatcherServlet'
2021-11-02 10:47:03.774  INFO 9716 --- [http-nio-8080-exec-1] o.s.web.servlet.DispatcherServlet        : Completed initialization in 1 ms
2021-11-02 10:51:48.866  INFO 9716 --- [RMI TCP Connection(21)-127.0.0.1] inMXBeanRegistrar$SpringApplicationAdmin : Application shutdown requested.
2021-11-02 10:52:45.929  INFO 9620 --- [main] DesafioBibliotecaBookletApplicationTests : Starting DesafioBibliotecaBookletApplicationTests using Java 17 on DESKTOP-KNDBE4F with PID 9620 (started by pablo in C:\Users\pablo\eclipse-workspace\desafioBibliotecaBooklet)
2021-11-02 10:52:45.937  INFO 9620 --- [main] DesafioBibliotecaBookletApplicationTests : No active profile set, falling back to default profiles: default
2021-11-02 10:52:48.507  INFO 9620 --- [main] o.s.b.a.w.s.WelcomePageHandlerMapping    : Adding welcome page template: index
2021-11-02 10:52:49.050  INFO 9620 --- [main] DesafioBibliotecaBookletApplicationTests : Started DesafioBibliotecaBookletApplicationTests in 3.63 seconds (JVM running for 4.948)
2021-11-02 10:56:44.284  INFO 2868 --- [main] DesafioBibliotecaBookletApplicationTests : Starting DesafioBibliotecaBookletApplicationTests using Java 17 on DESKTOP-KNDBE4F with PID 2868 (started by pablo in C:\Users\pablo\eclipse-workspace\desafioBibliotecaBooklet)
2021-11-02 10:56:44.286  INFO 2868 --- [main] DesafioBibliotecaBookletApplicationTests : No active profile set, falling back to default profiles: default
2021-11-02 10:56:46.104  INFO 2868 --- [main] o.s.b.a.w.s.WelcomePageHandlerMapping    : Adding welcome page template: index
2021-11-02 10:56:46.563  INFO 2868 --- [main] DesafioBibliotecaBookletApplicationTests : Started DesafioBibliotecaBookletApplicationTests in 2.702 seconds (JVM running for 4.044)
